<?xml version="1.0" encoding="UTF-8"?>
<!-- Generated by org.testng.reporters.JUnitReportReporter -->
<testsuite hostname="LAPTOP-668BP5IR" failures="0" tests="2" name="docker.Sample" time="0.025" errors="0" timestamp="13 Apr 2023 00:45:46 GMT" skipped="0">
  <testcase classname="docker.Sample" name="localTest" time="0.022"/>
  <testcase classname="docker.Sample" name="localTest" time="0.003"/>
</testsuite> <!-- docker.Sample -->
